0 info it worked if it ends with ok
1 verbose cli [ '/home/mhdawson/api/node/out/Release/node',
1 verbose cli   '/home/mhdawson/api/node/deps/npm/bin/npm-cli.js',
1 verbose cli   'install' ]
2 info using npm@3.8.9
3 info using node@v6.2.0
4 silly loadCurrentTree Starting
5 silly install loadCurrentTree
6 silly install readLocalPackageData
7 silly install normalizeTree
8 silly loadCurrentTree Finishing
9 silly loadIdealTree Starting
10 silly install loadIdealTree
11 silly cloneCurrentTree Starting
12 silly install cloneCurrentTreeToIdealTree
13 silly cloneCurrentTree Finishing
14 silly loadShrinkwrap Starting
15 silly install loadShrinkwrap
16 silly loadShrinkwrap Finishing
17 silly loadAllDepsIntoIdealTree Starting
18 silly install loadAllDepsIntoIdealTree
19 silly fetchNamedPackageData bindings
20 silly mapToRegistry name bindings
21 silly mapToRegistry using default registry
22 silly mapToRegistry registry https://registry.npmjs.org/
23 silly mapToRegistry data Result {
23 silly mapToRegistry   raw: 'bindings',
23 silly mapToRegistry   scope: null,
23 silly mapToRegistry   name: 'bindings',
23 silly mapToRegistry   rawSpec: '',
23 silly mapToRegistry   spec: 'latest',
23 silly mapToRegistry   type: 'tag' }
24 silly mapToRegistry uri https://registry.npmjs.org/bindings
25 verbose request uri https://registry.npmjs.org/bindings
26 verbose request no auth needed
27 info attempt registry request try #1 at 9:55:32 AM
28 verbose request id 8eda9dcbc56c5b34
29 verbose etag "33TX4J3DNTGF7K41ZUV6OA182"
30 http request GET https://registry.npmjs.org/bindings
31 http 200 https://registry.npmjs.org/bindings
32 verbose headers { server: 'CouchDB/1.5.0 (Erlang OTP/R16B03)',
32 verbose headers   etag: '"9UWSP22HTOHKKIMOB4NCPYRCX"',
32 verbose headers   'content-type': 'application/json',
32 verbose headers   'content-encoding': 'gzip',
32 verbose headers   'cache-control': 'max-age=300',
32 verbose headers   'content-length': '3804',
32 verbose headers   'accept-ranges': 'bytes',
32 verbose headers   date: 'Wed, 22 Jun 2016 13:55:33 GMT',
32 verbose headers   via: '1.1 varnish',
32 verbose headers   age: '47',
32 verbose headers   connection: 'keep-alive',
32 verbose headers   'x-served-by': 'cache-ord1741-ORD',
32 verbose headers   'x-cache': 'HIT',
32 verbose headers   'x-cache-hits': '2',
32 verbose headers   'x-timer': 'S1466603733.753508,VS0,VE0',
32 verbose headers   vary: 'Accept-Encoding' }
33 silly get cb [ 200,
33 silly get   { server: 'CouchDB/1.5.0 (Erlang OTP/R16B03)',
33 silly get     etag: '"9UWSP22HTOHKKIMOB4NCPYRCX"',
33 silly get     'content-type': 'application/json',
33 silly get     'content-encoding': 'gzip',
33 silly get     'cache-control': 'max-age=300',
33 silly get     'content-length': '3804',
33 silly get     'accept-ranges': 'bytes',
33 silly get     date: 'Wed, 22 Jun 2016 13:55:33 GMT',
33 silly get     via: '1.1 varnish',
33 silly get     age: '47',
33 silly get     connection: 'keep-alive',
33 silly get     'x-served-by': 'cache-ord1741-ORD',
33 silly get     'x-cache': 'HIT',
33 silly get     'x-cache-hits': '2',
33 silly get     'x-timer': 'S1466603733.753508,VS0,VE0',
33 silly get     vary: 'Accept-Encoding' } ]
34 verbose get saving bindings to /home/mhdawson/.npm/registry.npmjs.org/bindings/.cache.json
35 verbose correctMkdir /home/mhdawson/.npm correctMkdir not in flight; initializing
36 silly resolveWithNewModule bindings@1.2.1 checking installable status
37 silly cache add args [ 'bindings@~1.2.1', null ]
38 verbose cache add spec bindings@~1.2.1
39 silly cache add parsed spec Result {
39 silly cache add   raw: 'bindings@~1.2.1',
39 silly cache add   scope: null,
39 silly cache add   name: 'bindings',
39 silly cache add   rawSpec: '~1.2.1',
39 silly cache add   spec: '>=1.2.1 <1.3.0',
39 silly cache add   type: 'range' }
40 silly addNamed bindings@>=1.2.1 <1.3.0
41 verbose addNamed ">=1.2.1 <1.3.0" is a valid semver range for bindings
42 silly addNameRange { name: 'bindings', range: '>=1.2.1 <1.3.0', hasData: false }
43 silly mapToRegistry name bindings
44 silly mapToRegistry using default registry
45 silly mapToRegistry registry https://registry.npmjs.org/
46 silly mapToRegistry data Result {
46 silly mapToRegistry   raw: 'bindings',
46 silly mapToRegistry   scope: null,
46 silly mapToRegistry   name: 'bindings',
46 silly mapToRegistry   rawSpec: '',
46 silly mapToRegistry   spec: 'latest',
46 silly mapToRegistry   type: 'tag' }
47 silly mapToRegistry uri https://registry.npmjs.org/bindings
48 verbose addNameRange registry:https://registry.npmjs.org/bindings not in flight; fetching
49 verbose request uri https://registry.npmjs.org/bindings
50 verbose request no auth needed
51 info attempt registry request try #1 at 9:55:33 AM
52 verbose etag "9UWSP22HTOHKKIMOB4NCPYRCX"
53 http request GET https://registry.npmjs.org/bindings
54 http 304 https://registry.npmjs.org/bindings
55 verbose headers { date: 'Wed, 22 Jun 2016 13:55:33 GMT',
55 verbose headers   via: '1.1 varnish',
55 verbose headers   'cache-control': 'max-age=300',
55 verbose headers   etag: '"9UWSP22HTOHKKIMOB4NCPYRCX"',
55 verbose headers   age: '47',
55 verbose headers   connection: 'keep-alive',
55 verbose headers   'x-served-by': 'cache-ord1741-ORD',
55 verbose headers   'x-cache': 'HIT',
55 verbose headers   'x-cache-hits': '3',
55 verbose headers   'x-timer': 'S1466603733.859344,VS0,VE0',
55 verbose headers   vary: 'Accept-Encoding' }
56 silly get cb [ 304,
56 silly get   { date: 'Wed, 22 Jun 2016 13:55:33 GMT',
56 silly get     via: '1.1 varnish',
56 silly get     'cache-control': 'max-age=300',
56 silly get     etag: '"9UWSP22HTOHKKIMOB4NCPYRCX"',
56 silly get     age: '47',
56 silly get     connection: 'keep-alive',
56 silly get     'x-served-by': 'cache-ord1741-ORD',
56 silly get     'x-cache': 'HIT',
56 silly get     'x-cache-hits': '3',
56 silly get     'x-timer': 'S1466603733.859344,VS0,VE0',
56 silly get     vary: 'Accept-Encoding' } ]
57 verbose etag https://registry.npmjs.org/bindings from cache
58 verbose get saving bindings to /home/mhdawson/.npm/registry.npmjs.org/bindings/.cache.json
59 verbose correctMkdir /home/mhdawson/.npm correctMkdir not in flight; initializing
60 silly addNameRange number 2 { name: 'bindings', range: '>=1.2.1 <1.3.0', hasData: true }
61 silly addNameRange versions [ 'bindings',
61 silly addNameRange   [ '0.0.1',
61 silly addNameRange     '0.1.0',
61 silly addNameRange     '0.1.1',
61 silly addNameRange     '0.2.0',
61 silly addNameRange     '0.2.1',
61 silly addNameRange     '0.2.2',
61 silly addNameRange     '0.2.3',
61 silly addNameRange     '0.2.4',
61 silly addNameRange     '0.3.0',
61 silly addNameRange     '0.4.0',
61 silly addNameRange     '1.0.0',
61 silly addNameRange     '1.1.0',
61 silly addNameRange     '1.1.1',
61 silly addNameRange     '1.2.0',
61 silly addNameRange     '1.2.1' ] ]
62 silly addNamed bindings@1.2.1
63 verbose addNamed "1.2.1" is a plain semver version for bindings
64 silly cache afterAdd bindings@1.2.1
65 verbose afterAdd /home/mhdawson/.npm/bindings/1.2.1/package/package.json not in flight; writing
66 verbose correctMkdir /home/mhdawson/.npm correctMkdir not in flight; initializing
67 verbose afterAdd /home/mhdawson/.npm/bindings/1.2.1/package/package.json written
68 silly loadAllDepsIntoIdealTree Finishing
69 silly idealTree:prePrune passing_wrapped@0.0.0
69 silly idealTree:prePrune └── bindings@1.2.1
70 silly loadIdealTree Finishing
71 silly currentTree passing_wrapped@0.0.0
72 silly idealTree passing_wrapped@0.0.0
72 silly idealTree └── bindings@1.2.1
73 silly generateActionsToTake Starting
74 silly install generateActionsToTake
75 silly generateActionsToTake Finishing
76 silly diffTrees action count 1
77 silly diffTrees add bindings@1.2.1
78 silly decomposeActions action count 8
79 silly decomposeActions fetch bindings@1.2.1
80 silly decomposeActions extract bindings@1.2.1
81 silly decomposeActions test bindings@1.2.1
82 silly decomposeActions preinstall bindings@1.2.1
83 silly decomposeActions build bindings@1.2.1
84 silly decomposeActions install bindings@1.2.1
85 silly decomposeActions postinstall bindings@1.2.1
86 silly decomposeActions finalize bindings@1.2.1
87 silly executeActions Starting
88 silly install executeActions
89 silly doSerial global-install 0
90 silly doParallel fetch 1
91 verbose correctMkdir /home/mhdawson/.npm/_locks correctMkdir not in flight; initializing
92 verbose lock using /home/mhdawson/.npm/_locks/staging-17eba40696b1d38a.lock for /home/mhdawson/api/node-addon-examples/8_passing_wrapped/abi/node_modules/.staging
93 silly doParallel extract 1
94 silly extract bindings@1.2.1
95 verbose unbuild node_modules/.staging/bindings-0a21a569
96 silly gentlyRm /home/mhdawson/api/node-addon-examples/8_passing_wrapped/abi/node_modules/.staging/bindings-0a21a569 is being purged from base /home/mhdawson/api/node-addon-examples/8_passing_wrapped/abi
97 verbose gentlyRm don't care about contents; nuking /home/mhdawson/api/node-addon-examples/8_passing_wrapped/abi/node_modules/.staging/bindings-0a21a569
98 verbose tar unpack /home/mhdawson/.npm/bindings/1.2.1/package.tgz
99 verbose tar unpacking to /home/mhdawson/api/node-addon-examples/8_passing_wrapped/abi/node_modules/.staging/bindings-0a21a569
100 silly gentlyRm /home/mhdawson/api/node-addon-examples/8_passing_wrapped/abi/node_modules/.staging/bindings-0a21a569 is being purged
101 verbose gentlyRm don't care about contents; nuking /home/mhdawson/api/node-addon-examples/8_passing_wrapped/abi/node_modules/.staging/bindings-0a21a569
102 silly gunzTarPerm modes [ '755', '644' ]
103 silly gunzTarPerm extractEntry package.json
104 silly gunzTarPerm extractEntry README.md
105 silly gunzTarPerm extractEntry bindings.js
106 silly gentlyRm /home/mhdawson/api/node-addon-examples/8_passing_wrapped/abi/node_modules/.staging/bindings-0a21a569/node_modules is being purged
107 verbose gentlyRm don't care about contents; nuking /home/mhdawson/api/node-addon-examples/8_passing_wrapped/abi/node_modules/.staging/bindings-0a21a569/node_modules
108 silly doParallel preinstall 1
109 silly preinstall bindings@1.2.1 /home/mhdawson/api/node-addon-examples/8_passing_wrapped/abi/node_modules/.staging/bindings-0a21a569
110 info lifecycle bindings@1.2.1~preinstall: bindings@1.2.1
111 silly lifecycle bindings@1.2.1~preinstall: no script for preinstall, continuing
112 silly doReverseSerial remove 0
113 silly doSerial move 0
114 silly doSerial finalize 1
115 silly finalize /home/mhdawson/api/node-addon-examples/8_passing_wrapped/abi/node_modules/bindings
116 silly doSerial build 1
117 silly build bindings@1.2.1
118 info linkStuff bindings@1.2.1
119 silly linkStuff bindings@1.2.1 has /home/mhdawson/api/node-addon-examples/8_passing_wrapped/abi/node_modules as its parent node_modules
120 verbose linkBins bindings@1.2.1
121 verbose linkMans bindings@1.2.1
122 silly doSerial global-link 0
123 silly doParallel update-linked 0
124 silly doSerial install 1
125 silly install bindings@1.2.1 /home/mhdawson/api/node-addon-examples/8_passing_wrapped/abi/node_modules/.staging/bindings-0a21a569
126 info lifecycle bindings@1.2.1~install: bindings@1.2.1
127 silly lifecycle bindings@1.2.1~install: no script for install, continuing
128 silly doSerial postinstall 1
129 silly postinstall bindings@1.2.1 /home/mhdawson/api/node-addon-examples/8_passing_wrapped/abi/node_modules/.staging/bindings-0a21a569
130 info lifecycle bindings@1.2.1~postinstall: bindings@1.2.1
131 silly lifecycle bindings@1.2.1~postinstall: no script for postinstall, continuing
132 verbose unlock done using /home/mhdawson/.npm/_locks/staging-17eba40696b1d38a.lock for /home/mhdawson/api/node-addon-examples/8_passing_wrapped/abi/node_modules/.staging
133 silly executeActions Finishing
134 silly rollbackFailedOptional Starting
135 silly rollbackFailedOptional Finishing
136 silly runTopLevelLifecycles Starting
137 silly install runTopLevelLifecycles
138 silly preinstall passing_wrapped@0.0.0 /home/mhdawson/api/node-addon-examples/8_passing_wrapped/abi/passing_wrapped-0cec0aab
139 info lifecycle passing_wrapped@0.0.0~preinstall: passing_wrapped@0.0.0
140 silly lifecycle passing_wrapped@0.0.0~preinstall: no script for preinstall, continuing
141 silly build passing_wrapped@0.0.0
142 info linkStuff passing_wrapped@0.0.0
143 silly linkStuff passing_wrapped@0.0.0 has /home/mhdawson/api/node-addon-examples/8_passing_wrapped as its parent node_modules
144 verbose linkBins passing_wrapped@0.0.0
145 verbose linkMans passing_wrapped@0.0.0
146 silly install passing_wrapped@0.0.0 /home/mhdawson/api/node-addon-examples/8_passing_wrapped/abi/passing_wrapped-0cec0aab
147 info lifecycle passing_wrapped@0.0.0~install: passing_wrapped@0.0.0
148 verbose lifecycle passing_wrapped@0.0.0~install: unsafe-perm in lifecycle true
149 verbose lifecycle passing_wrapped@0.0.0~install: PATH: /home/mhdawson/api/node/deps/npm/bin/node-gyp-bin:/home/mhdawson/api/node-addon-examples/8_passing_wrapped/abi/node_modules/.bin:/home/mhdawson/api/node/out/Release:/home/mhdawson/api/bin:/home/mhdawson/api/node/out/Release:/usr/local/bin:/usr/bin:/usr/local/sbin:/usr/sbin
150 verbose lifecycle passing_wrapped@0.0.0~install: CWD: /home/mhdawson/api/node-addon-examples/8_passing_wrapped/abi
151 silly lifecycle passing_wrapped@0.0.0~install: Args: [ '-c', 'node-gyp rebuild' ]
152 silly lifecycle passing_wrapped@0.0.0~install: Returned: code: 1  signal: null
153 info lifecycle passing_wrapped@0.0.0~install: Failed to exec install script
154 verbose stack Error: passing_wrapped@0.0.0 install: `node-gyp rebuild`
154 verbose stack Exit status 1
154 verbose stack     at EventEmitter.<anonymous> (/home/mhdawson/api/node/deps/npm/lib/utils/lifecycle.js:245:16)
154 verbose stack     at emitTwo (events.js:106:13)
154 verbose stack     at EventEmitter.emit (events.js:191:7)
154 verbose stack     at ChildProcess.<anonymous> (/home/mhdawson/api/node/deps/npm/lib/utils/spawn.js:24:14)
154 verbose stack     at emitTwo (events.js:106:13)
154 verbose stack     at ChildProcess.emit (events.js:191:7)
154 verbose stack     at maybeClose (internal/child_process.js:850:16)
154 verbose stack     at Process.ChildProcess._handle.onexit (internal/child_process.js:215:5)
155 verbose pkgid passing_wrapped@0.0.0
156 verbose cwd /home/mhdawson/api/node-addon-examples/8_passing_wrapped/abi
157 error Linux 3.10.0-327.18.2.el7.x86_64
158 error argv "/home/mhdawson/api/node/out/Release/node" "/home/mhdawson/api/node/deps/npm/bin/npm-cli.js" "install"
159 error node v6.2.0
160 error npm  v3.8.9
161 error code ELIFECYCLE
162 error passing_wrapped@0.0.0 install: `node-gyp rebuild`
162 error Exit status 1
163 error Failed at the passing_wrapped@0.0.0 install script 'node-gyp rebuild'.
163 error Make sure you have the latest version of node.js and npm installed.
163 error If you do, this is most likely a problem with the passing_wrapped package,
163 error not with npm itself.
163 error Tell the author that this fails on your system:
163 error     node-gyp rebuild
163 error You can get information on how to open an issue for this project with:
163 error     npm bugs passing_wrapped
163 error Or if that isn't available, you can get their info via:
163 error     npm owner ls passing_wrapped
163 error There is likely additional logging output above.
164 verbose exit [ 1, true ]
