0 info it worked if it ends with ok
1 verbose cli [ '/usr/local/bin/node', '/usr/local/bin/npm', 'install' ]
2 info using npm@1.3.15
3 info using node@v0.11.9
4 verbose readDependencies using package.json deps
5 verbose install where, deps [ '/home/rvagg/git/node-addon-examples/2_function_arguments/node_0.10',
5 verbose install   [] ]
6 info preinstall function_arguments@0.0.0
7 verbose readDependencies using package.json deps
8 silly resolved []
9 info build /home/rvagg/git/node-addon-examples/2_function_arguments/node_0.10
10 verbose linkStuff [ false,
10 verbose linkStuff   false,
10 verbose linkStuff   false,
10 verbose linkStuff   '/home/rvagg/git/node-addon-examples/2_function_arguments' ]
11 info linkStuff function_arguments@0.0.0
12 verbose linkBins function_arguments@0.0.0
13 verbose linkMans function_arguments@0.0.0
14 verbose rebuildBundles function_arguments@0.0.0
15 info install function_arguments@0.0.0
16 verbose unsafe-perm in lifecycle true
17 info function_arguments@0.0.0 Failed to exec install script
18 error function_arguments@0.0.0 install: `node-gyp rebuild`
18 error Exit status 1
19 error Failed at the function_arguments@0.0.0 install script.
19 error This is most likely a problem with the function_arguments package,
19 error not with npm itself.
19 error Tell the author that this fails on your system:
19 error     node-gyp rebuild
19 error You can get their info via:
19 error     npm owner ls function_arguments
19 error There is likely additional logging output above.
20 error System Linux 3.12.0-031200-generic
21 error command "/usr/local/bin/node" "/usr/local/bin/npm" "install"
22 error cwd /home/rvagg/git/node-addon-examples/2_function_arguments/node_0.10
23 error node -v v0.11.9
24 error npm -v 1.3.15
25 error code ELIFECYCLE
26 verbose exit [ 1, true ]
